{
  "stats": {
    "suites": 1,
    "tests": 1,
    "passes": 0,
    "pending": 0,
    "failures": 1,
    "start": "2021-04-14T04:25:15.786Z",
    "end": "2021-04-14T04:25:17.059Z",
    "duration": 1273,
    "testsRegistered": 3,
    "passPercent": 0,
    "pendingPercent": 0,
    "other": 0,
    "hasOther": false,
    "skipped": 2,
    "hasSkipped": true
  },
  "results": [
    {
      "uuid": "3770bbbd-d45c-4da0-952a-87a32fb1c34c",
      "title": "",
      "fullFile": "cypress/integration/Login/LoginSpec.js",
      "file": "cypress/integration/Login/LoginSpec.js",
      "beforeHooks": [],
      "afterHooks": [],
      "tests": [],
      "suites": [
        {
          "uuid": "7d85bc2b-5c2b-4e32-b2c0-14d14d4622a3",
          "title": "Login test cases",
          "fullFile": "",
          "file": "",
          "beforeHooks": [],
          "afterHooks": [],
          "tests": [
            {
              "title": "Login valid credentials and verify sucessful login",
              "fullTitle": "Login test cases Login valid credentials and verify sucessful login",
              "timedOut": null,
              "duration": 446,
              "state": "failed",
              "speed": null,
              "pass": false,
              "fail": true,
              "pending": false,
              "context": null,
              "code": "loginPage.login(this.data.validEmail, this.data.validPassword);\nhomePage.verifyURL('inventory');\ncommonPage.clickMoreMenu();\ncommonPage.clickLogout();",
              "err": {
                "message": "SecurityError: Blocked a frame with origin \"https://www.saucedemo.com\" from accessing a cross-origin frame.",
                "estack": "SecurityError: Blocked a frame with origin \"https://www.saucedemo.com\" from accessing a cross-origin frame.\n\nBecause this error occurred during a `before each` hook we are skipping all of the remaining tests.\nError: Blocked a frame with origin \"https://www.saucedemo.com\" from accessing a cross-origin frame.\n    at setWindowDocumentProps (https://www.saucedemo.com/__cypress/runner/cypress_runner.js:169667:42)\n    at HTMLIFrameElement.<anonymous> (https://www.saucedemo.com/__cypress/runner/cypress_runner.js:170450:11)\n    at HTMLIFrameElement.dispatch (https://www.saucedemo.com/__cypress/runner/cypress_runner.js:91921:27)\n    at HTMLIFrameElement.elemData.handle (https://www.saucedemo.com/__cypress/runner/cypress_runner.js:91729:28)",
                "diff": null
              },
              "uuid": "d12f7292-c22d-4de0-8c9c-4b0c6c95a276",
              "parentUUID": "7d85bc2b-5c2b-4e32-b2c0-14d14d4622a3",
              "isHook": false,
              "skipped": false
            },
            {
              "title": "login with invalid credentials and verify error message",
              "fullTitle": "Login test cases login with invalid credentials and verify error message",
              "timedOut": null,
              "duration": 0,
              "state": "skipped",
              "speed": null,
              "pass": false,
              "fail": false,
              "pending": false,
              "context": null,
              "code": "loginPage.login(this.data.invalidEmail, this.data.invalidPassword);\nloginPage.verifyErrorMessage();",
              "err": {},
              "uuid": "994575e6-36f8-42e9-8394-7437c5dcdc11",
              "parentUUID": "7d85bc2b-5c2b-4e32-b2c0-14d14d4622a3",
              "isHook": false,
              "skipped": true
            },
            {
              "title": "login with empty values and verify error message",
              "fullTitle": "Login test cases login with empty values and verify error message",
              "timedOut": null,
              "duration": 0,
              "state": "skipped",
              "speed": null,
              "pass": false,
              "fail": false,
              "pending": false,
              "context": null,
              "code": "loginPage.clickLoginButton();\nloginPage.verifyEmptyLogin();",
              "err": {},
              "uuid": "e241e240-a864-458a-864d-abf7c466f6e2",
              "parentUUID": "7d85bc2b-5c2b-4e32-b2c0-14d14d4622a3",
              "isHook": false,
              "skipped": true
            }
          ],
          "suites": [],
          "passes": [],
          "failures": [
            "d12f7292-c22d-4de0-8c9c-4b0c6c95a276"
          ],
          "pending": [],
          "skipped": [
            "994575e6-36f8-42e9-8394-7437c5dcdc11",
            "e241e240-a864-458a-864d-abf7c466f6e2"
          ],
          "duration": 446,
          "root": false,
          "rootEmpty": false,
          "_timeout": 2000
        }
      ],
      "passes": [],
      "failures": [],
      "pending": [],
      "skipped": [],
      "duration": 0,
      "root": true,
      "rootEmpty": true,
      "_timeout": 2000
    }
  ],
  "meta": {
    "mocha": {
      "version": "7.0.1"
    },
    "mochawesome": {
      "options": {
        "quiet": false,
        "reportFilename": "mochawesome",
        "saveHtml": false,
        "saveJson": true,
        "consoleReporter": "spec",
        "useInlineDiffs": false,
        "code": true
      },
      "version": "6.1.1"
    },
    "marge": {
      "options": {
        "id": "default",
        "reportDir": "cypress/reports/mocha",
        "quite": true,
        "overwrite": false,
        "html": false,
        "json": true
      },
      "version": "5.1.0"
    }
  }
}