{
  "stats": {
    "suites": 1,
    "tests": 2,
    "passes": 0,
    "pending": 0,
    "failures": 2,
    "start": "2021-04-14T04:25:04.676Z",
    "end": "2021-04-14T04:25:12.416Z",
    "duration": 7740,
    "testsRegistered": 3,
    "passPercent": 0,
    "pendingPercent": 0,
    "other": 0,
    "hasOther": false,
    "skipped": 1,
    "hasSkipped": true
  },
  "results": [
    {
      "uuid": "6191e86d-7806-42d6-a2d1-5ef133dd99e8",
      "title": "",
      "fullFile": "cypress/integration/AddCartFolder/AddToCardSpec.js",
      "file": "cypress/integration/AddCartFolder/AddToCardSpec.js",
      "beforeHooks": [],
      "afterHooks": [],
      "tests": [],
      "suites": [
        {
          "uuid": "d2a641e2-55c9-44d8-b73d-adc539b5dad9",
          "title": "Add to card and checkout the product",
          "fullFile": "",
          "file": "",
          "beforeHooks": [],
          "afterHooks": [],
          "tests": [
            {
              "title": "Add one product to cart, checkout and verify thankyou page",
              "fullTitle": "Add to card and checkout the product Add one product to cart, checkout and verify thankyou page",
              "timedOut": null,
              "duration": 5921,
              "state": "failed",
              "speed": null,
              "pass": false,
              "fail": true,
              "pending": false,
              "context": null,
              "code": "var productName = 'Test.allTheThings() T-Shirt (Red)';\nloginPage.login(this.data.validEmail, this.data.validPassword);\nhomePage.clickAddToCart(productName);\ncommonPage.clickCartIcon();\ncartPage.verifyProduct(productName);\ncartPage.verifyNumberOfProducts(1);\ncartPage.clickCheckOutButton();\ncheckoutPage.enterInformation(this.checkoutPageData.firstName, this.checkoutPageData.lastName, this.checkoutPageData.zip);\ncheckoutPage.clickContinueButton();\ncheckoutOverviewPage.verifySubTotal();\ncheckoutOverviewPage.verifyTotal();\ncheckoutOverviewPage.clickFinishButton();\ncheckoutCompletepage.verifyThankyou();",
              "err": {
                "message": "AssertionError: Timed out retrying: Expected to find element: `#user-name`, but never found it.",
                "estack": "AssertionError: Timed out retrying: Expected to find element: `#user-name`, but never found it.\n    at Context.eval (https://www.saucedemo.com/__cypress/tests?p=cypress/support/index.js:101:6)",
                "diff": null
              },
              "uuid": "a2498ce1-7a96-41d7-a24e-f9ff4774e43e",
              "parentUUID": "d2a641e2-55c9-44d8-b73d-adc539b5dad9",
              "isHook": false,
              "skipped": false
            },
            {
              "title": "Add two products to cart, checkout and verify thankyou page",
              "fullTitle": "Add to card and checkout the product Add two products to cart, checkout and verify thankyou page",
              "timedOut": null,
              "duration": 426,
              "state": "failed",
              "speed": null,
              "pass": false,
              "fail": true,
              "pending": false,
              "context": null,
              "code": "var products2 = ['Test.allTheThings() T-Shirt (Red)', 'Sauce Labs Bike Light'];\nloginPage.login(this.data.validEmail, this.data.validPassword);\nproducts2.forEach(function (ele) {\n  homePage.clickAddToCart(ele); //instead of calling multiple time using foreach loop\n});\ncommonPage.clickCartIcon();\nproducts2.forEach(function (ele) {\n  cartPage.verifyProduct(ele);\n});\ncartPage.verifyNumberOfProducts(products2.length);\ncartPage.clickCheckOutButton();\ncheckoutPage.enterInformation(this.checkoutPageData.firstName, this.checkoutPageData.lastName, this.checkoutPageData.zip);\ncheckoutPage.clickContinueButton();\ncheckoutOverviewPage.verifySubTotal();\ncheckoutOverviewPage.verifyTotal();\ncheckoutOverviewPage.clickFinishButton();\ncheckoutCompletepage.verifyThankyou();",
              "err": {
                "message": "SecurityError: Blocked a frame with origin \"https://www.saucedemo.com\" from accessing a cross-origin frame.",
                "estack": "SecurityError: Blocked a frame with origin \"https://www.saucedemo.com\" from accessing a cross-origin frame.\n\nBecause this error occurred during a `before each` hook we are skipping all of the remaining tests.\nError: Blocked a frame with origin \"https://www.saucedemo.com\" from accessing a cross-origin frame.\n    at setWindowDocumentProps (https://www.saucedemo.com/__cypress/runner/cypress_runner.js:169667:42)\n    at HTMLIFrameElement.<anonymous> (https://www.saucedemo.com/__cypress/runner/cypress_runner.js:170450:11)\n    at HTMLIFrameElement.dispatch (https://www.saucedemo.com/__cypress/runner/cypress_runner.js:91921:27)\n    at HTMLIFrameElement.elemData.handle (https://www.saucedemo.com/__cypress/runner/cypress_runner.js:91729:28)",
                "diff": null
              },
              "uuid": "2360c7a8-d5df-444b-be23-32984fdc03b2",
              "parentUUID": "d2a641e2-55c9-44d8-b73d-adc539b5dad9",
              "isHook": false,
              "skipped": false
            },
            {
              "title": "Add three products to cart, verify, checkout and verify thankyou page",
              "fullTitle": "Add to card and checkout the product Add three products to cart, verify, checkout and verify thankyou page",
              "timedOut": null,
              "duration": 0,
              "state": "skipped",
              "speed": null,
              "pass": false,
              "fail": false,
              "pending": false,
              "context": null,
              "code": "var products3 = ['Test.allTheThings() T-Shirt (Red)', 'Sauce Labs Onesie', 'Sauce Labs Bike Light'];\nloginPage.login(this.data.validEmail, this.data.validPassword);\nproducts3.forEach(function (ele) {\n  homePage.clickAddToCart(ele);\n});\ncommonPage.clickCartIcon();\nproducts3.forEach(function (ele) {\n  cartPage.verifyProduct(ele);\n});\ncartPage.verifyNumberOfProducts(products3.length);\ncartPage.clickCheckOutButton();\ncheckoutPage.enterInformation(this.checkoutPageData.firstName, this.checkoutPageData.lastName, this.checkoutPageData.zip);\ncheckoutPage.clickContinueButton();\ncheckoutOverviewPage.verifySubTotal();\ncheckoutOverviewPage.verifyTotal();\ncheckoutOverviewPage.clickFinishButton();\ncheckoutCompletepage.verifyThankyou();",
              "err": {},
              "uuid": "2a968882-8c04-457b-a9fc-6867ecef35d5",
              "parentUUID": "d2a641e2-55c9-44d8-b73d-adc539b5dad9",
              "isHook": false,
              "skipped": true
            }
          ],
          "suites": [],
          "passes": [],
          "failures": [
            "a2498ce1-7a96-41d7-a24e-f9ff4774e43e",
            "2360c7a8-d5df-444b-be23-32984fdc03b2"
          ],
          "pending": [],
          "skipped": [
            "2a968882-8c04-457b-a9fc-6867ecef35d5"
          ],
          "duration": 6347,
          "root": false,
          "rootEmpty": false,
          "_timeout": 2000
        }
      ],
      "passes": [],
      "failures": [],
      "pending": [],
      "skipped": [],
      "duration": 0,
      "root": true,
      "rootEmpty": true,
      "_timeout": 2000
    }
  ],
  "meta": {
    "mocha": {
      "version": "7.0.1"
    },
    "mochawesome": {
      "options": {
        "quiet": false,
        "reportFilename": "mochawesome",
        "saveHtml": false,
        "saveJson": true,
        "consoleReporter": "spec",
        "useInlineDiffs": false,
        "code": true
      },
      "version": "6.1.1"
    },
    "marge": {
      "options": {
        "id": "default",
        "reportDir": "cypress/reports/mocha",
        "quite": true,
        "overwrite": false,
        "html": false,
        "json": true
      },
      "version": "5.1.0"
    }
  }
}